
Found perl:
   /Users/pfb19/miniconda3/bin/perl
   This is perl 5, version 34, subversion 0 (v5.34.0) built for darwin-thread-multi-2level

Found java:
   /Users/pfb19/miniconda3/bin/java
   openjdk version "11.0.13" 2021-10-19

Found canu:
   /Users/pfb19/problemsets/genome_assembly_workshop/canu-2.2/bin/canu
   canu 2.2

Running job 1 based on command line options.

Found 1 command tree.

PROCESSING TREE #1 using 4 threads.
  opGreaterThan
    threshold=1
    opUnionSum
      ./ecoli-80.01.meryl
    output to ecoli-80.ms16.WORKING

Cleaning up.

Bye.

Found 1 command tree.

Found 1 command tree.

PROCESSING TREE #1 using 4 threads.
  opAtLeast
    threshold=97
    opAtLeast
      word-frequenct=0.000000
      ./ecoli-80.ms16
    print to ./ecoli-80.ms16.##.dump

Cleaning up.

Bye.

Found 1 command tree.
