
Found perl:
   /Users/pfb19/miniconda3/bin/perl
   This is perl 5, version 34, subversion 0 (v5.34.0) built for darwin-thread-multi-2level

Found java:
   /Users/pfb19/miniconda3/bin/java
   openjdk version "11.0.13" 2021-10-19

Found canu:
   /Users/pfb19/problemsets/genome_assembly_workshop/canu-2.2/bin/canu
   canu 2.2

Running job 5 based on command line options.
-- Using seqFile '../ecoli-80.ctgStore/partition.0005'.
-- Opening tigStore '../ecoli-80.ctgStore' version 1.
-- Opening output results file './ctgcns/0005.cns.WORKING'.
--
-- Computing consensus for b=0 to e=33 with errorRate 0.0750 (max 0.4000) and minimum overlap 500
--
Loading corrected-trimmed reads from seqFile '../ecoli-80.ctgStore/partition.0005'
Consensus finished successfully.

Bye.
                           ----------CONTAINED READS----------  -DOVETAIL  READS-
  tigID    length   reads      used coverage  ignored coverage      used coverage
------- --------- -------  -------- -------- -------- --------  -------- --------
     12    470573     815       714   10.48x        0    0.00x       101    4.02x

Processed 1 tig and 0 singletons.

